epoch,acc,f_score,loss,precision,recall,val_acc,val_f_score,val_loss,val_precision,val_recall
0,0.6022620165157049,0.6022619569110601,0.6906284406205374,0.6022620165157049,0.6022620165157049,0.692307710647583,0.6923076510429382,0.6833274364471436,0.692307710647583,0.692307710647583
1,0.6795475975058194,0.6795475379011746,0.6717564855736454,0.6795475975058194,0.6795475975058194,0.7435897588729858,0.7435896396636963,0.6381595730781555,0.7435897588729858,0.7435897588729858
2,0.6823751175886724,0.6823750579840276,0.6256398834449631,0.6823751175886724,0.6823751175886724,0.7435897588729858,0.7435896396636963,0.57016521692276,0.7435897588729858,0.7435897588729858
3,0.7304429782661597,0.7304429186615149,0.5801390974618262,0.7304429782661597,0.7304429782661597,0.752136766910553,0.7521367073059082,0.5258744955062866,0.752136766910553,0.752136766910553
4,0.7436380772294019,0.7436380176247571,0.5486058616952779,0.7436380772294019,0.7436380772294019,0.7777777910232544,0.7777776718139648,0.4949289858341217,0.7777777910232544,0.7777777910232544
5,0.754948162055038,0.7549481024503932,0.5286552397065518,0.754948162055038,0.754948162055038,0.8034188151359558,0.8034186959266663,0.46929875016212463,0.8034188151359558,0.8034188151359558
6,0.7709707831797119,0.7709707235750671,0.5082901184228543,0.7709707831797119,0.7709707831797119,0.8034188151359558,0.8034186959266663,0.4605661928653717,0.8034188151359558,0.8034188151359558
7,0.777568332661333,0.7775682730566882,0.4954107549817465,0.777568332661333,0.777568332661333,0.8034188151359558,0.8034186959266663,0.4578087031841278,0.8034188151359558,0.8034188151359558
8,0.7747408104999014,0.7747407508952566,0.4904162587139766,0.7747408104999014,0.7747408104999014,0.8034188151359558,0.8034186959266663,0.4575819969177246,0.8034188151359558,0.8034188151359558
9,0.779453346237161,0.7794532887110949,0.49262424104063157,0.779453346237161,0.779453346237161,0.8034188151359558,0.8034186959266663,0.4563004672527313,0.8034188151359558,0.8034188151359558
10,0.7832233750741511,0.7832233154695063,0.4697146703059891,0.7832233750741511,0.7832233750741511,0.8034188151359558,0.8034186959266663,0.45789605379104614,0.8034188151359558,0.8034188151359558
11,0.7813383603747671,0.7813383028487009,0.47652272976984067,0.7813383603747671,0.7813383603747671,0.7948718070983887,0.7948718070983887,0.46493783593177795,0.7948718070983887,0.7948718070983887
12,0.7964184734756153,0.7964184159495491,0.47248746537577985,0.7964184734756153,0.7964184734756153,0.7948718070983887,0.7948718070983887,0.4629501700401306,0.7948718070983887,0.7948718070983887
13,0.7954759658450343,0.7954759062403896,0.4561704232038809,0.7954759658450343,0.7954759658450343,0.7863247990608215,0.7863247394561768,0.4664844274520874,0.7863247990608215,0.7863247990608215
14,0.8030160218336805,0.8030159622290357,0.4415576334667026,0.8030160218336805,0.8030160218336805,0.7777777910232544,0.7777776718139648,0.4708901345729828,0.7777777910232544,0.7777777910232544
15,0.8180961353277734,0.8180960757231286,0.4275850916279587,0.8180961353277734,0.8180961353277734,0.7777777910232544,0.7777776718139648,0.47572940587997437,0.7777777910232544,0.7777777910232544
16,0.8237511777405914,0.8237511181359466,0.40393034323108973,0.8237511777405914,0.8237511777405914,0.7692307829856873,0.7692307233810425,0.4880523681640625,0.7692307829856873,0.7692307829856873
17,0.8350612635212502,0.8350612039166054,0.3964671529373057,0.8350612635212502,0.8350612635212502,0.7863247990608215,0.7863247394561768,0.5041207075119019,0.7863247990608215,0.7863247990608215
18,0.8586239402413256,0.8586238806366808,0.3650755398010556,0.8586239402413256,0.8586239402413256,0.7692307829856873,0.7692307233810425,0.5240105986595154,0.7692307829856873,0.7692307829856873
19,0.8510838836909015,0.8510838240862567,0.3718186882197239,0.8510838836909015,0.8510838836909015,0.7777777910232544,0.7777776718139648,0.5415663719177246,0.7777777910232544,0.7777777910232544
20,0.8605089543789316,0.8605088947742868,0.3451243853731946,0.8605089543789316,0.8605089543789316,0.7777777910232544,0.7777776718139648,0.5584230422973633,0.7777777910232544,0.7777777910232544
21,0.8661639952749491,0.8661639356703044,0.32748103723224886,0.8661639952749491,0.8661639952749491,0.7863247990608215,0.7863247394561768,0.5753108263015747,0.7863247990608215,0.7863247990608215
22,0.8897266735118251,0.8897266139071803,0.30012214605140863,0.8897266735118251,0.8897266735118251,0.752136766910553,0.7521367073059082,0.6097761988639832,0.752136766910553,0.752136766910553
23,0.8944392082940622,0.894439150767996,0.2798284164416577,0.8944392082940622,0.8944392082940622,0.752136766910553,0.7521367073059082,0.6404354572296143,0.752136766910553,0.752136766910553
24,0.9066918001885014,0.9066917426624352,0.26095307039397153,0.9066918001885014,0.9066918001885014,0.7350427508354187,0.7350426912307739,0.6832534074783325,0.7350427508354187,0.7350427508354187
25,0.9057492931196984,0.9057492355936322,0.2565571855679927,0.9057492931196984,0.9057492931196984,0.752136766910553,0.7521367073059082,0.691254198551178,0.752136766910553,0.752136766910553
26,0.9227144203581527,0.9227143628320865,0.22672762325021256,0.9227144203581527,0.9227144203581527,0.7350427508354187,0.7350426912307739,0.7843318581581116,0.7350427508354187,0.7350427508354187
27,0.9227144203581527,0.9227143628320865,0.2133619180695276,0.9227144203581527,0.9227144203581527,0.7264957427978516,0.7264957427978516,0.8628035187721252,0.7264957427978516,0.7264957427978516
28,0.9104618284637135,0.9104617709376472,0.22820084657200546,0.9104618284637135,0.9104618284637135,0.7264957427978516,0.7264957427978516,0.870474636554718,0.7264957427978516,0.7264957427978516
29,0.8755890674797798,0.875589007875135,0.2828442587619902,0.8755890674797798,0.8755890674797798,0.7264957427978516,0.7264957427978516,0.7202900648117065,0.7264957427978516,0.7264957427978516
30,0.8868991517436381,0.8868990942175718,0.24922302123738505,0.8868991517436381,0.8868991517436381,0.692307710647583,0.6923076510429382,0.8032068014144897,0.692307710647583,0.692307710647583
31,0.9245994344957588,0.9245993769696925,0.2142346718442485,0.9245994344957588,0.9245994344957588,0.7264957427978516,0.7264957427978516,0.7773488163948059,0.7264957427978516,0.7264957427978516
32,0.9509896329840212,0.9509895733793764,0.16292350017355928,0.9509896329840212,0.9509896329840212,0.7350427508354187,0.7350426912307739,0.922240138053894,0.7350427508354187,0.7350427508354187
33,0.9500471253534402,0.9500470678273739,0.152187406044176,0.9500471253534402,0.9500471253534402,0.7008547186851501,0.7008546590805054,1.0537773370742798,0.7008547186851501,0.7008547186851501
34,0.937794534020779,0.9377944744161342,0.15482006832943224,0.937794534020779,0.937794534020779,0.7094017267227173,0.7094017267227173,1.0885320901870728,0.7094017267227173,0.7094017267227173
35,0.944392082940622,0.9443920254145558,0.14623680312983503,0.944392082940622,0.944392082940622,0.7264957427978516,0.7264957427978516,1.008472204208374,0.7264957427978516,0.7264957427978516
36,0.9604147031102733,0.9604146455842071,0.12418936236351588,0.9604147031102733,0.9604147031102733,0.7179487347602844,0.7179486155509949,1.0622506141662598,0.7179487347602844,0.7179487347602844
37,0.9698397737983034,0.9698397234629955,0.10862215089767076,0.9698397737983034,0.9698397737983034,0.7094017267227173,0.7094017267227173,1.1758543252944946,0.7094017267227173,0.7094017267227173
