epoch,acc,f_score,loss,precision,recall,val_acc,val_f_score,val_loss,val_precision,val_recall
0,0.564150944070996,0.5641508844663512,0.690986987554802,0.564150944070996,0.564150944070996,0.7203390002250671,0.7203389406204224,0.6842268705368042,0.7203390002250671,0.7203390002250671
1,0.7009433962264151,0.7009433366217703,0.674809785159129,0.7009433962264151,0.7009433962264151,0.7203390002250671,0.7203389406204224,0.6454249620437622,0.7203390002250671,0.7203390002250671
2,0.7056603769086441,0.7056603152796908,0.6275105899234987,0.7056603769086441,0.7056603769086441,0.694915235042572,0.6949151754379272,0.5844598412513733,0.694915235042572,0.694915235042572
3,0.7132075471698113,0.7132074875651665,0.5891693243440592,0.7132075471698113,0.7132075471698113,0.7203390002250671,0.7203389406204224,0.5389240980148315,0.7203390002250671,0.7203390002250671
4,0.7273584910158841,0.7273584293869306,0.5640148045881739,0.7273584910158841,0.7273584910158841,0.7881355881690979,0.7881355285644531,0.520310640335083,0.7881355881690979,0.7881355881690979
5,0.7660377362989029,0.7660376746699495,0.5252851546935315,0.7660377362989029,0.7660377362989029,0.7288135886192322,0.7288135290145874,0.513604998588562,0.7288135886192322,0.7288135886192322
6,0.7783018876921456,0.7783018301118095,0.5078841312876288,0.7783018876921456,0.7783018876921456,0.7372881174087524,0.7372880578041077,0.5101874470710754,0.7372881174087524,0.7372881174087524
7,0.7679245283018868,0.7679244686972421,0.5060811557859745,0.7679245283018868,0.7679245283018868,0.7711864113807678,0.771186351776123,0.49309679865837097,0.7711864113807678,0.7711864113807678
8,0.7622641513932426,0.7622640897642892,0.4974946971209544,0.7622641513932426,0.7622641513932426,0.7966101765632629,0.7966101169586182,0.4885104298591614,0.7966101765632629,0.7966101765632629
9,0.7783018872422992,0.7783018256133457,0.4791265777821811,0.7783018872422992,0.7783018872422992,0.7966101765632629,0.7966101169586182,0.49620258808135986,0.7966101765632629,0.7966101765632629
10,0.7773584914657304,0.7773584338853944,0.47375002244733416,0.7773584914657304,0.7773584914657304,0.7881355881690979,0.7881355285644531,0.4929708242416382,0.7881355881690979,0.7881355881690979
11,0.7849056608272049,0.7849055991982514,0.46375707938986005,0.7849056608272049,0.7849056608272049,0.7966101765632629,0.7966101169586182,0.4905492067337036,0.7966101765632629,0.7966101765632629
12,0.7924528306385257,0.7924527690095722,0.45452211083106275,0.7924528306385257,0.7924528306385257,0.7711864113807678,0.771186351776123,0.4908345341682434,0.7711864113807678,0.7711864113807678
13,0.7990566030988153,0.7990565434941705,0.4435418935316914,0.7990566030988153,0.7990566030988153,0.7796609997749329,0.7796609401702881,0.495674192905426,0.7796609997749329,0.7796609997749329
14,0.8066037742596752,0.8066037146550304,0.42358460651253754,0.8066037742596752,0.8066037742596752,0.7711864113807678,0.771186351776123,0.49841293692588806,0.7711864113807678,0.7711864113807678
15,0.8122641502686266,0.8122640906639819,0.40673578325307597,0.8122641502686266,0.8122641502686266,0.7627118825912476,0.7627118229866028,0.5111576914787292,0.7627118825912476,0.7627118825912476
16,0.8283018865675297,0.8283018269628849,0.3869944388011716,0.8283018865675297,0.8283018865675297,0.7627118825912476,0.7627118229866028,0.5215916037559509,0.7627118825912476,0.7627118825912476
17,0.8415094346370338,0.841509375032389,0.3623348721355762,0.8415094346370338,0.8415094346370338,0.7711864113807678,0.771186351776123,0.5162703394889832,0.7711864113807678,0.7711864113807678
18,0.8622641500437035,0.8622640904390587,0.33948723690689736,0.8622641500437035,0.8622641500437035,0.7796609997749329,0.7796609401702881,0.5356325507164001,0.7796609997749329,0.7796609997749329
19,0.8669811311757789,0.8669810715711341,0.32571010679568885,0.8669811311757789,0.8669811311757789,0.7796609997749329,0.7796609401702881,0.5509843826293945,0.7796609997749329,0.7796609997749329
20,0.8830188670248356,0.8830188074201908,0.3035933578351759,0.8830188670248356,0.8830188670248356,0.7881355881690979,0.7881355285644531,0.5959516763687134,0.7881355881690979,0.7881355881690979
21,0.8858490557040808,0.885848996099436,0.28149917249409656,0.8858490557040808,0.8858490557040808,0.7542372941970825,0.7542372345924377,0.5956113338470459,0.7542372941970825,0.7542372941970825
22,0.9056603769086442,0.9056603173039994,0.24967435249742473,0.9056603769086442,0.9056603769086442,0.7627118825912476,0.7627118229866028,0.6723135709762573,0.7627118825912476,0.7627118825912476
23,0.9150943391727951,0.9150942795681504,0.2380114494067318,0.9150943391727951,0.9150943391727951,0.7711864113807678,0.771186351776123,0.6961660981178284,0.7711864113807678,0.7711864113807678
24,0.9207547165312857,0.9207546569266409,0.22319477824669964,0.9207547165312857,0.9207547165312857,0.7627118825912476,0.7627118229866028,0.6901893019676208,0.7627118825912476,0.7627118825912476
25,0.9415094335124178,0.941509373907773,0.18858068039957082,0.9415094335124178,0.9415094335124178,0.7457627058029175,0.7457626461982727,0.7855599522590637,0.7457627058029175,0.7457627058029175
26,0.9405660372860026,0.9405659776813579,0.17893550227273186,0.9405660372860026,0.9405660372860026,0.7627118825912476,0.7627118229866028,0.9746786952018738,0.7627118825912476,0.7627118825912476
27,0.940566037735849,0.940565980155513,0.17744608133468986,0.940566037735849,0.940566037735849,0.7542372941970825,0.7542372345924377,0.8626130819320679,0.7542372941970825,0.7542372941970825
28,0.9537735849056603,0.9537735273253243,0.1557999446425798,0.9537735849056603,0.9537735849056603,0.7288135886192322,0.7288135290145874,1.1535696983337402,0.7288135886192322,0.7288135886192322
29,0.9226415094339623,0.9226414518536262,0.1922534296253942,0.9226415094339623,0.9226415094339623,0.7457627058029175,0.7457626461982727,1.2582443952560425,0.7457627058029175,0.7457627058029175
30,0.8877358490566037,0.8877357914762677,0.2707525112156598,0.8877358490566037,0.8877358490566037,0.7457627058029175,0.7457626461982727,0.6903318166732788,0.7457627058029175,0.7457627058029175
31,0.904716980682229,0.9047169210775843,0.22843250947178534,0.904716980682229,0.904716980682229,0.6864407062530518,0.686440646648407,0.8177304863929749,0.6864407062530518,0.6864407062530518
32,0.930188679245283,0.930188621664947,0.17904766082482518,0.930188679245283,0.930188679245283,0.7711864113807678,0.771186351776123,0.8030790090560913,0.7711864113807678,0.7711864113807678
33,0.9622641509433962,0.9622640933630602,0.12232548782847963,0.9622641509433962,0.9622641509433962,0.7372881174087524,0.7372880578041077,0.8971871733665466,0.7372881174087524,0.7372881174087524
34,0.9650943396226415,0.9650942820423054,0.10500268417428124,0.9650943396226415,0.9650943396226415,0.7372881174087524,0.7372880578041077,1.017073154449463,0.7372881174087524,0.7372881174087524
35,0.9716981132075472,0.9716980556272111,0.09143420022051289,0.9716981132075472,0.9716981132075472,0.7542372941970825,0.7542372345924377,1.0578168630599976,0.7542372941970825,0.7542372941970825
36,0.980188679245283,0.9801886216649469,0.07173574563326701,0.980188679245283,0.980188679245283,0.7372881174087524,0.7372880578041077,1.1941171884536743,0.7372881174087524,0.7372881174087524
