epoch,acc,f_score,loss,precision,recall,val_acc,val_f_score,val_loss,val_precision,val_recall
0,0.36740740767231694,0.0,1.0976928633230705,0.0,0.0,0.4399999996026357,0.0,1.0967023658752442,0.0,0.0
1,0.3992592594800172,0.0,1.095247996824759,0.0,0.0,0.40666666865348816,0.0,1.0935542217890422,0.0,0.0
2,0.4111111112877175,0.0,1.0912850266915781,0.0,0.0,0.40666666865348816,0.0,1.0904017305374145,0.0,0.0
3,0.41259259281335053,0.0,1.0856096034579807,0.0,0.0,0.3800000019868215,0.0,1.0873868560791016,0.0,0.0
4,0.42444444475350557,0.0,1.0816228721759937,0.0,0.0,0.40666666865348816,0.0,1.0835641717910767,0.0,0.0
5,0.43481481499142116,0.004387375513712565,1.072746136630023,0.18962961832682293,0.0022222222222222222,0.42,0.0,1.0783873335520426,0.0,0.0
6,0.4429629632278725,0.022476485658574987,1.0670696127856218,0.3625678947236803,0.01185185201742031,0.46,0.0,1.0733017253875732,0.0,0.0
7,0.4548148151680275,0.049971795115205976,1.0651337914996677,0.5762680717750832,0.0266666667273751,0.4600000019868215,0.0,1.072689979871114,0.0,0.0
8,0.45407407429483204,0.039620437533767136,1.067578832131845,0.5744197647659867,0.02074074074074074,0.4533333357175191,0.0,1.069189763069153,0.0,0.0
9,0.46000000030906113,0.04452708275229843,1.0559355622750741,0.34675796451392,0.025185185218298878,0.4533333333333333,0.04982967376708984,1.0665886402130127,0.3792592620849609,0.02666666666666667
10,0.45037037059112833,0.09993298601221155,1.0574258085533426,0.5495393512867115,0.056296296296296296,0.44666666865348814,0.012753623425960542,1.0611881303787232,0.14666664918263753,0.006666666865348816
11,0.4688888890213437,0.1272017538768274,1.0477990410063003,0.5062965586450365,0.0733333334547502,0.45333333532015485,0.012753623425960542,1.061513171195984,0.14666664918263753,0.006666666865348816
12,0.46962962993869073,0.12242174356072037,1.05060392609349,0.528574542204539,0.06962962970689492,0.46,0.012222220400969187,1.060193346341451,0.07333333333333333,0.006666666865348816
13,0.477037037257795,0.1180241925628097,1.0464396874109905,0.5257805774830006,0.06740740778269591,0.4533333333333333,0.07405795445044835,1.0578044859568279,0.5,0.04000000019868215
14,0.481481481746391,0.1677347120973799,1.0389800373713176,0.5625856040583717,0.09925925929237295,0.44666666865348814,0.0731319898366928,1.0578306372960409,0.5609524027506511,0.040000000397364295
15,0.49851851860682167,0.13061630449913167,1.0373458698060778,0.5637862028899017,0.0748148148920801,0.42666666905085243,0.08702743659416834,1.0569950660069785,0.6888888903458913,0.046666666865348816
16,0.47259259276919896,0.17100936618116166,1.0371481303815488,0.6076982088442202,0.10000000033113692,0.46,0.15913829942544302,1.05307843208313,0.567368418375651,0.09333333392937979
17,0.48222222239882856,0.21387644237942166,1.0286941341117577,0.5430955412211241,0.13407407415133935,0.4666666666666667,0.1676932825644811,1.0526817051569621,0.5208889067173004,0.1000000003973643
18,0.4911111113318691,0.2305255001562613,1.025192392843741,0.5645007522017867,0.1451851855604737,0.48000000198682147,0.12776955862840017,1.0516173394521078,0.5,0.07333333373069763
19,0.4970370371694918,0.25536744117736815,1.0200198703342014,0.6189163067605761,0.16148148172431523,0.46,0.22189297179381054,1.0530729786554973,0.5355294096469879,0.1400000003973643
20,0.5037037038361585,0.23091487131736896,1.017289077087685,0.5935766403763383,0.14444444473142978,0.4733333357175191,0.25537913461526235,1.0505758619308472,0.5493333240350088,0.16666666706403097
21,0.5074074074074074,0.3033146612290983,1.0084542790165654,0.6249496707209834,0.20296296302919034,0.48000000198682147,0.24972309251626332,1.0475260241826376,0.5,0.16666666726271312
22,0.5192592593034109,0.29456587897406683,0.9989980866290905,0.6353771267113862,0.19333333339956071,0.4533333333333333,0.27448983371257785,1.0526384401321411,0.4736163584391276,0.1933333339293798
23,0.5111111111552628,0.311447799956357,1.0011245563295152,0.614810788543136,0.20888888908757103,0.4400000019868215,0.27242513477802277,1.0553832340240479,0.5114557707309723,0.18666666706403096
24,0.5155555559970715,0.3218229792294679,0.990648529794481,0.6337829307273583,0.21629629645082685,0.44666666666666666,0.2734166532754898,1.065773866971334,0.4685714304447174,0.19333333373069764
25,0.5140740741623773,0.3112789468412046,0.9943090226915148,0.6270260225401985,0.20814814830267872,0.45333333532015485,0.24367811719576518,1.0621805222829184,0.5108571231365204,0.16000000059604644
26,0.5237037037478552,0.33687539988093906,0.9833124068048266,0.610231813148216,0.23333333408391035,0.48,0.2621442089478175,1.0491599003473917,0.54443412621816,0.17333333392937977
27,0.5251851853617916,0.36822697312743574,0.9842400830763358,0.6205585983947471,0.26222222297279923,0.46666666865348816,0.22676422695318857,1.0514736763636272,0.5037264998753865,0.1466666672627131
28,0.5340740753986217,0.3562680321269565,0.9743754467257747,0.6268358658861231,0.24962962965170543,0.473333332935969,0.21439996848503748,1.0542862447102865,0.555555557012558,0.13333333353201549
29,0.5377777775128683,0.38273541242988024,0.9679443035302339,0.662487140584875,0.2703703708560378,0.45333333532015485,0.24129949390888214,1.0608039251963297,0.4952558195590973,0.1600000003973643
30,0.5488888903017397,0.4043152040905423,0.9572503558794657,0.6537303077733075,0.2933333339956072,0.4400000019868215,0.2748154773314794,1.0661903047561645,0.4766217641035716,0.19333333373069764
31,0.5400000014128509,0.4128794369874177,0.9589144175140946,0.6378253166763871,0.3059259264115934,0.4733333353201548,0.30554343303044634,1.0779461733500162,0.5,0.22000000099341074
32,0.5481481478832386,0.3891020531124539,0.955120874510871,0.652565952318686,0.27777777835174844,0.48000000198682147,0.30984801371892295,1.0717829831441243,0.5241509501139323,0.22000000099341074
33,0.5496296293647202,0.41962806070292435,0.9429060344342832,0.7071648326626531,0.2992592597890783,0.46666666865348816,0.31481879313786826,1.0678264824549357,0.5152380879720052,0.22666666766007743
34,0.5622222218690095,0.4477967820785664,0.9275362897802282,0.6670157624174048,0.33851851909248915,0.46,0.3090957045555115,1.0660435056686401,0.48577776590983074,0.22666666766007743
35,0.5614814828060292,0.4338781769187362,0.9333798597477101,0.6717563926732099,0.32148148201130056,0.47333333333333333,0.3009805603822072,1.0718008104960124,0.47901639302571614,0.2200000007947286
36,0.5533333332450302,0.42701872609279773,0.9363484990155255,0.6796372816297743,0.31185185242582253,0.46666666865348816,0.30979080716768903,1.0815734640757242,0.523456771771113,0.2200000007947286
37,0.5696296292764169,0.4449929056344209,0.9182108917942754,0.6805431365083765,0.33111111133186905,0.46,0.3013769698143005,1.1013932243982951,0.4783050791422526,0.22000000099341074
38,0.5548148160510593,0.45202956632331565,0.9190254644111351,0.6603398308047542,0.3444444447976572,0.48000000198682147,0.3102508727709452,1.0984663883845012,0.49195401748021444,0.22666666785875955
39,0.5651851865097328,0.4607332518365648,0.909920130835639,0.6957888754208883,0.34592592610253226,0.4600000019868215,0.33613229235013325,1.0924379014968872,0.501779998143514,0.2533333343267441
40,0.5674074071424978,0.4467324154465287,0.9113504548426028,0.7172080423213818,0.32592592627913863,0.4800000023841858,0.2729056433836619,1.0814259099960326,0.508148152033488,0.18666666766007742
41,0.5777777790140223,0.4725786481080232,0.9000401927806713,0.7084525791803996,0.3555555558204651,0.4800000023841858,0.3013769698143005,1.088565592765808,0.4783050791422526,0.22000000099341074
42,0.5718518530880964,0.47512745406892565,0.8991649418407016,0.6963189132125289,0.3614814818346942,0.45333333532015485,0.302750871181488,1.10271231174469,0.485287348429362,0.22000000099341074
43,0.5844444454157794,0.47227533049053616,0.8860574780570136,0.7262874653604295,0.3503703706794315,0.46666666865348816,0.318173717657725,1.105735754966736,0.5,0.23333333432674408
44,0.5792592587294402,0.48057362680081966,0.8878577592637804,0.7084992506768968,0.36444444484180877,0.48,0.2855281627178192,1.1031075763702392,0.46384180704752603,0.20666666746139525
45,0.5814814826294228,0.48143487356327197,0.8814444895143863,0.7059341452739857,0.36592592623498704,0.479999996026357,0.31057420214017234,1.1000593868891397,0.4939259179433187,0.22666666766007743
46,0.5837037034387942,0.4853249102168613,0.880027997052228,0.7202694672125357,0.3666666668874246,0.46666666905085247,0.3182112514972687,1.1016364574432373,0.5011536248524984,0.23333333432674408
47,0.5903703714300085,0.480662097312786,0.8781061098310683,0.7285471972712764,0.3600000001766063,0.4600000023841858,0.3158974130948385,1.1145870383580525,0.46208956638971965,0.2400000011920929
48,0.5851851863331264,0.49122265780413593,0.8705514750657258,0.724445671417095,0.37259259272504736,0.4600000023841858,0.3242894148826599,1.122334574063619,0.5,0.24000000099341073
49,0.5918518512337296,0.49716958337359957,0.8666897714579547,0.7191888637012905,0.3807407409614987,0.4933333293596904,0.310010533730189,1.1176844294865926,0.4930054728190104,0.22666666746139527
50,0.5992592587294402,0.4973076611978036,0.8652804848882887,0.7395086674337034,0.37481481503557273,0.4800000023841858,0.2761481018861135,1.1257171456019084,0.48358973185221354,0.19333333412806192
51,0.5933333343929714,0.5138121047726384,0.8496396159242701,0.7295065286424425,0.3977777779543841,0.47333332935969036,0.28129828969637555,1.1297953208287557,0.4744151035944621,0.2000000011920929
52,0.597777778925719,0.4960185279669585,0.8569830907715692,0.73033864930824,0.37629629642875106,0.479999996026357,0.32447274923324587,1.1309288469950358,0.4749019622802734,0.24666666766007742
53,0.5977777788374159,0.49456640473118535,0.8533639856621071,0.7522618334381669,0.3696296298945392,0.479999996026357,0.3288888478279114,1.1307536856333416,0.49333333571751914,0.24666666785875957
54,0.6022222232818604,0.504051333533393,0.8472936843942713,0.7274363424159862,0.38666666671081823,0.479999996026357,0.31897798538208005,1.1487467686335247,0.4512698419888814,0.24666666587193806
55,0.5933333343929714,0.5179337637512772,0.8429084124388518,0.7495812091120967,0.3970370371253402,0.4666666626930237,0.31869841893513995,1.1383403333028157,0.5047368423144023,0.23333333253860475
56,0.6044444440029285,0.4984034945346691,0.8450772273982012,0.7380161888511093,0.37703703716949183,0.479999996026357,0.32895387649536134,1.14451025168101,0.468937205473582,0.25333333253860474
57,0.6029629640226011,0.5074614849797001,0.8482997375064426,0.7274789720994455,0.39037037041452194,0.47333332935969036,0.30001769145329793,1.1455670420328776,0.4715555572509766,0.22000000099341074
58,0.6125925919744704,0.5027425762459083,0.8384926105428625,0.7450100704475685,0.38000000017660635,0.45333332935969034,0.31290910720825194,1.155700356165568,0.4494771122932434,0.2399999992052714
59,0.5977777774245651,0.5140566454993354,0.8309495416393986,0.7438110024840744,0.39333333359824285,0.459999996026357,0.31683425267537435,1.1561021137237548,0.4662735040982564,0.2399999992052714
60,0.5985185179886995,0.49831645630024096,0.8370107736410918,0.733936858177185,0.37777777786608097,0.479999996026357,0.3157652703921,1.166619693438212,0.4623529307047526,0.24000000099341073
61,0.6081481477949354,0.5250892217954,0.8318052758993926,0.757997076511383,0.40222222248713174,0.46666666905085247,0.34340717951456706,1.165890448888143,0.4821752731005351,0.26666666587193805
62,0.608888888447373,0.5220195695205971,0.8260343651418333,0.7392751253975762,0.4037037037920069,0.47333332935969036,0.33621703465779623,1.1605828030904135,0.4756507929166158,0.2599999992052714
63,0.6103703700171577,0.5347464592368515,0.8274380138185289,0.7535380274278146,0.4148148149472696,0.4666666626930237,0.33483095169067384,1.1727548408508301,0.47015648444493613,0.2599999992052714
64,0.6088888883590698,0.5120853716355783,0.8239953373096607,0.7594551396369934,0.38740740762816533,0.479999996026357,0.31290910720825194,1.1754156843821209,0.4494771122932434,0.2399999992052714
65,0.6096296307775709,0.5110556831183257,0.8203566885877539,0.7502771920628017,0.38814814823645133,0.47333332935969036,0.3073285436630249,1.1686971839269003,0.4773333215713501,0.22666666587193807
66,0.608888889948527,0.5083268174418697,0.8232551405164931,0.7509393674355966,0.38518518522933676,0.459999996026357,0.3280848201115926,1.1809283638000487,0.4659155003229777,0.25333333253860474
67,0.6140740736325582,0.5196407673094008,0.8160208284413373,0.7563977905556007,0.39629629638459946,0.46666666905085247,0.3294275681177775,1.1903675270080567,0.47123809655507404,0.25333333253860474
68,0.6162962958547804,0.5321724540215952,0.8107486906758061,0.7622113066249424,0.4096296297179328,0.4666666626930237,0.30545190811157225,1.189159515698751,0.44217247565587364,0.23333333253860475
69,0.6170370365955211,0.5208544660497595,0.8082290907259341,0.7670904036804482,0.3955555570567096,0.47333332935969036,0.34483657201131185,1.1922069613138835,0.487841268380483,0.26666666587193805
70,0.6155555551140397,0.5222521530257331,0.8203316627608406,0.7435900221047578,0.40296296305126617,0.459999996026357,0.3280848201115926,1.1918136405944824,0.4659155003229777,0.25333333253860474
71,0.6118518528231868,0.5244580643265335,0.8137915673079315,0.765843265498126,0.3992592594358656,0.47333332935969036,0.32029059727986653,1.1962485965092977,0.456570033232371,0.24666666587193806
72,0.6251851848319725,0.5280328189885175,0.7992106088002523,0.7775753737379003,0.4000000001324548,0.47333332935969036,0.3380150306224823,1.203014014561971,0.4846197239557902,0.2600000011920929
73,0.6148148143732989,0.5315491927994622,0.8071070449440567,0.7584735004107157,0.4096296297620844,0.4733333357175191,0.32563345591227216,1.2041980346043906,0.4559707029660543,0.25333333492279053
74,0.6155555551140397,0.5191747887046249,0.8014444071275216,0.7603347206998754,0.394814814903118,0.47333332935969036,0.33804710547129313,1.2071664079030355,0.48342857201894124,0.2599999992052714
75,0.6192592588177434,0.526499595200574,0.8040282977951898,0.7628753802511428,0.4029629631837209,0.4533333357175191,0.29700172583262124,1.2103061850865682,0.45704917748769125,0.2199999992052714
76,0.6229629641109042,0.5332081074184841,0.8031349394056532,0.7732797342759592,0.40740740753986215,0.4666666626930237,0.33944720109303794,1.202966734568278,0.4890821313858032,0.2599999992052714
77,0.6214814826294228,0.5423440827263726,0.8051085101233588,0.7653450665650544,0.42074074096149866,0.4666666626930237,0.320808056195577,1.2029936663309733,0.4590476210912069,0.24666666587193806
78,0.6207407417120757,0.5339214967798304,0.8015420058038499,0.7692586329248217,0.4096296296737812,0.47333332935969036,0.3065087083975474,1.2081637255350748,0.4733763360977173,0.22666666785875955
79,0.623703703350491,0.5296013820612873,0.8007508865992228,0.7654618668556213,0.4059259260583807,0.4666666626930237,0.32029059727986653,1.2185185035069783,0.456570033232371,0.24666666587193806
80,0.6274074069658915,0.534883981457463,0.797580556427991,0.7736015818737171,0.4096296297179328,0.459999996026357,0.3294275681177775,1.224529315630595,0.47123809655507404,0.25333333253860474
81,0.6214814826294228,0.5345930961326316,0.7949581286642287,0.7734409802931327,0.40888888906549525,0.479999996026357,0.33804710547129313,1.2241578118006389,0.48342857201894124,0.2599999992052714
