epoch,loss,val_loss
0,0.6842768059836494,0.6542502880096436
1,0.5743558671739366,0.48309223651885985
2,0.4762296630276574,0.4504832744598389
3,0.4464932415220473,0.44188828468322755
4,0.4406893286440108,0.43980294466018677
5,0.43859686387909785,0.43848265409469606
6,0.437627465195126,0.4376551866531372
7,0.4370303498374091,0.4371508002281189
8,0.43654689656363593,0.4367279887199402
9,0.4361316806740231,0.43631858825683595
10,0.435788177119361,0.4360524356365204
11,0.4355451636844211,0.4357300579547882
12,0.43520360787709556,0.43530731797218325
13,0.43479776912265355,0.4348324954509735
14,0.43394403060277303,0.4332747161388397
15,0.43153332206938,0.4305667161941528
16,0.42913636763890584,0.42830405235290525
17,0.4268084956540002,0.4252145171165466
18,0.42368424203660754,0.422486937046051
19,0.42110711998409694,0.42026311755180357
20,0.41935304005940754,0.41873672008514407
21,0.4177532619900174,0.41716246008872987
22,0.4164685587088267,0.4159440517425537
23,0.41519823405477735,0.41450153589248656
24,0.4136809362305535,0.41341717839241027
25,0.41238610214657256,0.4122126817703247
26,0.4112893488672045,0.41085582971572876
27,0.4100466052691142,0.40955419540405275
28,0.4092410564422607,0.40936049818992615
29,0.4083840138382382,0.40804803371429443
30,0.4077997710969713,0.40803946256637574
31,0.40710866981082494,0.4075299561023712
32,0.4068435158994463,0.4063015699386597
33,0.4062442825900184,0.4063550591468811
34,0.4056352886888716,0.4057376623153687
35,0.4054160409503513,0.4055378377437592
36,0.4050109346707662,0.40526522397994996
37,0.4047060569127401,0.40488435626029967
38,0.4042314370473226,0.4054334282875061
39,0.4041720913516151,0.4040313124656677
40,0.40355878008736507,0.4038956344127655
41,0.40345710582203337,0.4039294719696045
42,0.4031035284201304,0.4036558151245117
43,0.4027955691019694,0.40323446989059447
44,0.4027135173479716,0.4029564082622528
45,0.4025129861301846,0.40330820679664614
46,0.4024820082717472,0.402650260925293
47,0.4022116157743666,0.4025172531604767
48,0.4019054240650601,0.4020721197128296
49,0.4018372469478183,0.40227888226509095
50,0.4016533109876845,0.4021598815917969
51,0.4015832510259416,0.4021183490753174
52,0.4014086021317376,0.401749974489212
53,0.401245829794142,0.4016405284404755
54,0.40096729464001124,0.40191962122917174
55,0.40103187825944686,0.4016698122024536
56,0.40068397521972654,0.4013911962509155
57,0.40057419008678863,0.4013916730880737
58,0.4006004624896579,0.40137228965759275
59,0.4005236917071872,0.4011703133583069
60,0.4003408458497789,0.40143529176712034
61,0.40024693144692314,0.4011295080184937
62,0.39996815986103484,0.4005971670150757
63,0.39987413220935397,0.4006407022476196
64,0.3997347831726074,0.40100960731506347
65,0.39976303709877864,0.40075201988220216
66,0.399555813603931,0.400270938873291
67,0.3994370288319058,0.4008995771408081
68,0.3995199329323239,0.4011765718460083
69,0.3997778150770399,0.4014089822769165
70,0.3998019721772936,0.4006697773933411
71,0.39967347118589613,0.40040879249572753
72,0.3997654649946425,0.4011323988437653
73,0.3993174738354153,0.39969090223312376
74,0.39859353568818834,0.39958020448684695
75,0.3983737561437819,0.3992136359214783
76,0.39833683967590333,0.3994754195213318
77,0.3982954939206441,0.3990641713142395
78,0.398195743560791,0.39899798631668093
79,0.39823540051778156,0.39928788542747495
80,0.39808307621214123,0.39913724064826966
81,0.39811065130763584,0.3987655401229858
82,0.3977944360838996,0.3999548971652985
83,0.39810698562198216,0.39913861751556395
84,0.39773179160224065,0.39876357316970823
85,0.39738295012050207,0.39841884970664976
86,0.3970542748769124,0.39834892749786377
87,0.3969615896542867,0.39829211235046386
88,0.396770140197542,0.3980135917663574
89,0.3967628664440579,0.3981975853443146
90,0.3968546721670363,0.3982882618904114
91,0.39665483832359316,0.39844837188720705
92,0.3966365668508742,0.39795364141464235
93,0.39640784396065604,0.3978379726409912
94,0.39648779299524095,0.3977965176105499
95,0.39634256098005505,0.3977540910243988
96,0.39622188210487364,0.39772315621376036
97,0.3960980150434706,0.3975849151611328
98,0.39609192742241756,0.3975685119628906
99,0.3960133406851027,0.39727952480316164
100,0.395901968744066,0.39760509729385374
101,0.3958464066187541,0.39775625467300413
102,0.3959551599290636,0.39825159907341
103,0.3959695981608497,0.3975849986076355
104,0.395787591404385,0.39726418256759644
105,0.39551622337765163,0.39686223268508913
106,0.3952197445763482,0.39712545871734617
107,0.39506268368826974,0.3966384530067444
108,0.3949296898312039,0.39666112065315245
109,0.39489680263731214,0.3964518427848816
110,0.39479243755340576,0.3964386940002441
111,0.39465126726362443,0.39644274711608884
112,0.3946219821770986,0.39650108814239504
113,0.39467183748881024,0.3971211910247803
114,0.39459597799513074,0.39632030129432677
115,0.39452460871802436,0.3963037014007568
116,0.39444894128375585,0.39671006202697756
117,0.39499547282854713,0.3973513603210449
118,0.39483242233594257,0.39661602973937987
119,0.3946531421608395,0.39692668318748475
120,0.3947488678826226,0.3963958501815796
121,0.3944855332374573,0.3962516188621521
122,0.3943290180630154,0.39725845456123354
123,0.394785045252906,0.39670252799987793
124,0.39484431346257526,0.39625370502471924
125,0.3944460299279955,0.3980527460575104
126,0.3947817577256097,0.3956028640270233
127,0.39360211425357394,0.39552688002586367
128,0.3934768001238505,0.3957349419593811
129,0.39355062180095246,0.3956657350063324
130,0.3935158358679877,0.3956631302833557
131,0.3933877633677589,0.3955147504806519
132,0.39328859051068626,0.39569103717803955
133,0.39331101642714605,0.39608812928199766
134,0.3935284482108222,0.3959003508090973
135,0.39339291784498426,0.39548847675323484
136,0.3934325893719991,0.3956651985645294
137,0.3933826194869147,0.39582592248916626
138,0.3932277586725023,0.39552494287490847
139,0.39288199742635094,0.3953659236431122
140,0.3929439001613193,0.3951196789741516
141,0.39263144731521604,0.39492562413215637
142,0.3925788316461775,0.3948903799057007
143,0.3925901823573642,0.395123291015625
144,0.39259286324183146,0.3948495864868164
145,0.3926068709956275,0.39524015188217165
146,0.3928320990668403,0.3956372320652008
147,0.3927069756719801,0.3952006459236145
148,0.39261591964297826,0.39502094984054564
149,0.3926631410916646,0.39494225978851316
150,0.3925121115313636,0.3948740243911743
151,0.3922329333093431,0.3952434897422791
152,0.3923714319864909,0.3948053538799286
153,0.392237784465154,0.3946396350860596
154,0.39204852249887256,0.39477543234825135
155,0.3920302510261536,0.3946527600288391
156,0.3921111027399699,0.39495921730995176
157,0.39221493932935925,0.39486741423606875
158,0.39216112428241306,0.3950659155845642
159,0.3919602460331387,0.39525588750839236
160,0.39204210175408255,0.39490814208984376
161,0.3920531809329987,0.39480518102645873
162,0.3919908947414822,0.3947081446647644
163,0.3921333564652337,0.39494062066078184
164,0.39196582237879435,0.39538344740867615
165,0.39189870092603896,0.3948089361190796
166,0.3919259879324171,0.3947258651256561
167,0.3922190560234918,0.39438422322273253
168,0.3917129900720384,0.3944182753562927
169,0.3916123304102156,0.39446277618408204
170,0.39140522215101453,0.394782292842865
171,0.39136777453952365,0.3946627855300903
172,0.39131553570429484,0.3942824363708496
173,0.39126725594202677,0.3939404904842377
174,0.3912931548224555,0.3942495286464691
175,0.39139854974216887,0.39454630613327024
176,0.3913711892233955,0.3945405602455139
177,0.3913785530461205,0.3951506018638611
178,0.3916285938686795,0.3942332029342651
179,0.39145758946736653,0.39430447220802306
180,0.39130955272250706,0.394163703918457
181,0.39121142427126565,0.39406134486198424
182,0.3909068418873681,0.3939329028129578
183,0.3908795515696208,0.39373786449432374
184,0.3909688413143158,0.3942364931106567
185,0.3908038338025411,0.3940386176109314
186,0.39063743617799546,0.3936742663383484
187,0.3906129022439321,0.3937991499900818
188,0.39061258700158863,0.3938981592655182
189,0.39064232375886704,0.3937520384788513
190,0.3906994766659207,0.39394981861114503
191,0.39062456952200997,0.39388006925582886
192,0.390573556555642,0.39415958523750305
193,0.3906230085425907,0.39373035430908204
194,0.3905527008904351,0.39386857151985166
195,0.3904400971200731,0.39372660517692565
196,0.390302707751592,0.39366319179534914
197,0.3903235210312737,0.39368127584457396
198,0.39019325772921243,0.39388940334320066
199,0.39008156259854637,0.39391809701919556
200,0.3901842110686832,0.3943702161312103
201,0.3903707418176863,0.39441174268722534
202,0.3904832190937466,0.3937243938446045
203,0.39058188199996946,0.39407638311386106
204,0.3907720327377319,0.39534472227096557
205,0.3907649152808719,0.3947956144809723
206,0.39083856609132556,0.3946570992469788
207,0.3906339592403836,0.3943024933338165
208,0.39069241020414563,0.39339578747749326
209,0.3905996375613742,0.3940885245800018
210,0.3905909697214762,0.39468050599098203
211,0.3903750088479784,0.39361696839332583
212,0.3902485410372416,0.39373929500579835
213,0.38990181883176167,0.39382097125053406
214,0.38990759717093576,0.3936608970165253
215,0.38998343282275727,0.39455097913742065
216,0.3901829673184289,0.39433244466781614
217,0.3901429527335697,0.39427027106285095
218,0.3903164909945594,0.393263053894043
219,0.39014231430159674,0.3934819459915161
220,0.3899855203098721,0.3939465403556824
221,0.38999043769306607,0.39354790449142457
222,0.3897589021258884,0.3936846137046814
223,0.3896719482209947,0.393813693523407
224,0.3895002683003744,0.3935265004634857
225,0.3894292612870534,0.39365174770355227
226,0.3894441710578071,0.3934345245361328
227,0.3894245054986742,0.3935009837150574
228,0.3896228154500326,0.39363737106323243
229,0.38966954085561967,0.39404643774032594
230,0.3898988531695472,0.39455556869506836
231,0.39023378094037375,0.3945339798927307
232,0.3902158988846673,0.3938673734664917
233,0.38982719116740755,0.3934830784797668
234,0.38942563864919877,0.3936740517616272
235,0.3892148984803094,0.3933969736099243
236,0.38927852710088096,0.39339723587036135
237,0.3890894439485338,0.3934337854385376
238,0.38908334573109943,0.3939854264259338
239,0.3892049537764655,0.39366310834884644
240,0.3891704665289985,0.3931227743625641
241,0.3890328798029158,0.39297707080841066
242,0.38887180354860096,0.39324313402175903
243,0.38884879681799145,0.3931033730506897
244,0.38894588748613995,0.39363741874694824
245,0.3892114520072937,0.3934995591640472
246,0.3890482809808519,0.3932629466056824
247,0.3888519366582235,0.39341487884521487
248,0.38874656359354653,0.3933532953262329
249,0.3886216104030609,0.39305083751678466
250,0.38844753901163737,0.3931003212928772
251,0.3883565266927083,0.3933130443096161
252,0.3884246548016866,0.39296719431877136
253,0.3884251382615831,0.3929933786392212
254,0.3883770982424418,0.3931296348571777
255,0.3884503126144409,0.39366286993026733
256,0.388502291838328,0.3933333694934845
257,0.38840391039848327,0.3930526912212372
258,0.388299462530348,0.39291939735412595
259,0.3882433546913995,0.39306323528289794
260,0.38814809918403625,0.3931641936302185
261,0.3882020029756758,0.39304145574569704
262,0.3883546617296007,0.3932540535926819
263,0.3883351061079237,0.3932418704032898
264,0.3885616838932037,0.39404621720314026
265,0.38860022558106316,0.3935149013996124
266,0.3885402666197883,0.39339391589164735
267,0.3886083271768358,0.39316813349723817
268,0.38850158585442435,0.39329978823661804
269,0.38854440185758804,0.39370471239089966
270,0.38857133123609755,0.39362934827804563
271,0.38868690464231703,0.3931742191314697
272,0.3888377222749922,0.3929381549358368
273,0.388670806090037,0.3934150397777557
274,0.3886472231811947,0.39388628005981446
275,0.388657142718633,0.3940923988819122
276,0.38866250581211514,0.3939532995223999
277,0.38873353269365096,0.39290547370910645
278,0.3882420261700948,0.3933138012886047
279,0.38800394932428994,0.3931795358657837
280,0.38781995707088046,0.3931331932544708
281,0.3877193477418688,0.39360029697418214
282,0.3879490402009752,0.39385687112808226
283,0.38821608357959325,0.39494905471801756
284,0.3886448714468214,0.39404529333114624
285,0.38881604737705655,0.39471037983894347
286,0.3889628595776028,0.3943421483039856
287,0.3886092232333289,0.39364480376243594
288,0.3882655382156372,0.3935919046401978
289,0.3880452142821418,0.3934694528579712
290,0.3880696283446418,0.39394521713256836
291,0.38804016444418166,0.3945773482322693
292,0.3881315953201718,0.3946851849555969
293,0.38836510048972234,0.39421045780181885
294,0.38855223258336385,0.39366176128387453
295,0.3885357803768582,0.3939863801002502
296,0.3884876072406769,0.39315520524978637
297,0.38825552066167196,0.39377967119216917
298,0.3879605922434065,0.3934414148330688
299,0.3881880826420254,0.3935773134231567
